{
  "stats": {
    "suites": 1,
    "tests": 7,
    "passes": 7,
    "pending": 0,
    "failures": 0,
    "start": "2025-06-19T16:09:49.895Z",
    "end": "2025-06-19T16:10:04.030Z",
    "duration": 14135,
    "testsRegistered": 7,
    "passPercent": 100,
    "pendingPercent": 0,
    "other": 0,
    "hasOther": false,
    "skipped": 0,
    "hasSkipped": false
  },
  "results": [
    {
      "uuid": "afe1219c-d27c-455f-bc62-a2e6194a1765",
      "title": "",
      "fullFile": "cypress\\e2e\\prova.cy.js",
      "file": "cypress\\e2e\\prova.cy.js",
      "beforeHooks": [],
      "afterHooks": [],
      "tests": [],
      "suites": [
        {
          "uuid": "7fae4e54-e151-4997-8ef1-00dd17071697",
          "title": "Swag Labs",
          "fullFile": "",
          "file": "",
          "beforeHooks": [],
          "afterHooks": [],
          "tests": [
            {
              "title": "1 Loga com dados validos",
              "fullTitle": "Swag Labs 1 Loga com dados validos",
              "timedOut": null,
              "duration": 3026,
              "state": "passed",
              "speed": "fast",
              "pass": true,
              "fail": false,
              "pending": false,
              "context": null,
              "code": "cy.visit(\"https://www.saucedemo.com\");\ncy.get('[data-test=\"username\"]').type('standard_user');\ncy.get('[data-test=\"password\"]').type('secret_sauce');\ncy.get('[data-test=\"login-button\"]').click();\ncy.get('[data-test=\"title\"]').should('be.visible');\ncy.get('[data-test=\"shopping-cart-link\"]').should('be.visible');",
              "err": {},
              "uuid": "97cda402-97e1-4ccd-a770-606d72bb6604",
              "parentUUID": "7fae4e54-e151-4997-8ef1-00dd17071697",
              "isHook": false,
              "skipped": false
            },
            {
              "title": "2 Nao loga com username invalido [FALHA]",
              "fullTitle": "Swag Labs 2 Nao loga com username invalido [FALHA]",
              "timedOut": null,
              "duration": 1231,
              "state": "passed",
              "speed": "fast",
              "pass": true,
              "fail": false,
              "pending": false,
              "context": null,
              "code": "cy.visit(\"https://www.saucedemo.com\");\ncy.get('[data-test=\"username\"]').type('user_invalido');\ncy.get('[data-test=\"password\"]').type('secret_sauce');\ncy.get('[data-test=\"login-button\"]').click();\ncy.get('[data-test=\"error\"]').should('be.visible');",
              "err": {},
              "uuid": "52f46046-aaf6-44c5-a846-dc7a642a3603",
              "parentUUID": "7fae4e54-e151-4997-8ef1-00dd17071697",
              "isHook": false,
              "skipped": false
            },
            {
              "title": "3 Nao loga com senha invalida [FALHA]",
              "fullTitle": "Swag Labs 3 Nao loga com senha invalida [FALHA]",
              "timedOut": null,
              "duration": 995,
              "state": "passed",
              "speed": "fast",
              "pass": true,
              "fail": false,
              "pending": false,
              "context": null,
              "code": "cy.visit(\"https://www.saucedemo.com\");\ncy.get('[data-test=\"username\"]').type('standard_user');\ncy.get('[data-test=\"password\"]').type('wrong_password');\ncy.get('[data-test=\"login-button\"]').click();\ncy.get('[data-test=\"error\"]').should('be.visible');",
              "err": {},
              "uuid": "a5358c42-123c-4c43-b7db-ab69e1047660",
              "parentUUID": "7fae4e54-e151-4997-8ef1-00dd17071697",
              "isHook": false,
              "skipped": false
            },
            {
              "title": "4 Carrega página de compras",
              "fullTitle": "Swag Labs 4 Carrega página de compras",
              "timedOut": null,
              "duration": 928,
              "state": "passed",
              "speed": "fast",
              "pass": true,
              "fail": false,
              "pending": false,
              "context": null,
              "code": "cy.visit(\"https://www.saucedemo.com\");\ncy.get('[data-test=\"username\"]').type('standard_user');\ncy.get('[data-test=\"password\"]').type('secret_sauce');\ncy.get('[data-test=\"login-button\"]').click();\ncy.get('[data-test=\"title\"]').should('be.visible');\ncy.get('[data-test=\"shopping-cart-link\"]').should('be.visible');",
              "err": {},
              "uuid": "fa06a4e8-a10c-4cd6-a9dd-1b2a0783b7c2",
              "parentUUID": "7fae4e54-e151-4997-8ef1-00dd17071697",
              "isHook": false,
              "skipped": false
            },
            {
              "title": "5 Adiciona mochila ao carrinho",
              "fullTitle": "Swag Labs 5 Adiciona mochila ao carrinho",
              "timedOut": null,
              "duration": 986,
              "state": "passed",
              "speed": "fast",
              "pass": true,
              "fail": false,
              "pending": false,
              "context": null,
              "code": "cy.visit(\"https://www.saucedemo.com\");\ncy.get('[data-test=\"username\"]').type('standard_user');\ncy.get('[data-test=\"password\"]').type('secret_sauce');\ncy.get('[data-test=\"login-button\"]').click();\ncy.get('[data-test=\"add-to-cart-sauce-labs-backpack\"]').click();\ncy.get('.shopping_cart_badge').should('have.text', '1');",
              "err": {},
              "uuid": "21b0d132-74dc-49a0-a21a-f75f626ce4da",
              "parentUUID": "7fae4e54-e151-4997-8ef1-00dd17071697",
              "isHook": false,
              "skipped": false
            },
            {
              "title": "6 Remove item do carrinho",
              "fullTitle": "Swag Labs 6 Remove item do carrinho",
              "timedOut": null,
              "duration": 1085,
              "state": "passed",
              "speed": "fast",
              "pass": true,
              "fail": false,
              "pending": false,
              "context": null,
              "code": "cy.visit(\"https://www.saucedemo.com\");\ncy.get('[data-test=\"username\"]').type('standard_user');\ncy.get('[data-test=\"password\"]').type('secret_sauce');\ncy.get('[data-test=\"login-button\"]').click();\ncy.get('[data-test=\"add-to-cart-sauce-labs-backpack\"]').click();\ncy.get('.shopping_cart_badge').should('have.text', '1');\ncy.get('[data-test=\"remove-sauce-labs-backpack\"]').click();\ncy.get('.shopping_cart_badge').should('not.exist');",
              "err": {},
              "uuid": "1750c28b-97e1-43dd-ae94-025b8a8e0ca1",
              "parentUUID": "7fae4e54-e151-4997-8ef1-00dd17071697",
              "isHook": false,
              "skipped": false
            },
            {
              "title": "7 Finaliza compra",
              "fullTitle": "Swag Labs 7 Finaliza compra",
              "timedOut": null,
              "duration": 2109,
              "state": "passed",
              "speed": "fast",
              "pass": true,
              "fail": false,
              "pending": false,
              "context": null,
              "code": "cy.visit(\"https://www.saucedemo.com\");\ncy.get('[data-test=\"username\"]').type('standard_user');\ncy.get('[data-test=\"password\"]').type('secret_sauce');\ncy.get('[data-test=\"login-button\"]').click();\ncy.get('[data-test=\"add-to-cart-sauce-labs-backpack\"]').click();\ncy.get('.shopping_cart_badge').should('have.text', '1');\ncy.get('[data-test=\"shopping-cart-link\"]').click();\ncy.get('[data-test=\"checkout\"]').click();\ncy.get('[data-test=\"firstName\"]').type('Felipe');\ncy.get('[data-test=\"lastName\"]').type('Ribeiro');\ncy.get('[data-test=\"postalCode\"]').type('37545-000');\ncy.get('[data-test=\"continue\"]').click();\ncy.get('[data-test=\"finish\"]').click();\ncy.get('.complete-header').should('have.text', 'Thank you for your order!');",
              "err": {},
              "uuid": "5d1953fe-6b5f-4f29-9d2e-2cd5d33e07f0",
              "parentUUID": "7fae4e54-e151-4997-8ef1-00dd17071697",
              "isHook": false,
              "skipped": false
            }
          ],
          "suites": [],
          "passes": [
            "97cda402-97e1-4ccd-a770-606d72bb6604",
            "52f46046-aaf6-44c5-a846-dc7a642a3603",
            "a5358c42-123c-4c43-b7db-ab69e1047660",
            "fa06a4e8-a10c-4cd6-a9dd-1b2a0783b7c2",
            "21b0d132-74dc-49a0-a21a-f75f626ce4da",
            "1750c28b-97e1-43dd-ae94-025b8a8e0ca1",
            "5d1953fe-6b5f-4f29-9d2e-2cd5d33e07f0"
          ],
          "failures": [],
          "pending": [],
          "skipped": [],
          "duration": 10360,
          "root": false,
          "rootEmpty": false,
          "_timeout": 2000
        }
      ],
      "passes": [],
      "failures": [],
      "pending": [],
      "skipped": [],
      "duration": 0,
      "root": true,
      "rootEmpty": true,
      "_timeout": 2000
    }
  ],
  "meta": {
    "mocha": {
      "version": "7.2.0"
    },
    "mochawesome": {
      "options": {
        "quiet": false,
        "reportFilename": "mochawesome",
        "saveHtml": true,
        "saveJson": true,
        "consoleReporter": "spec",
        "useInlineDiffs": false,
        "code": true
      },
      "version": "7.1.3"
    },
    "marge": {
      "options": {
        "charts": true,
        "overwrite": false,
        "html": true,
        "json": true,
        "reportDir": "cypress/reports/mochawesome-report"
      },
      "version": "6.2.0"
    }
  }
}